# JRE version: OpenJDK Runtime Environment Temurin-17.0.2+8 (17.0.2+8) (build 17.0.2+8)
# Java VM: OpenJDK 64-Bit Server VM Temurin-17.0.2+8 (17.0.2+8, mixed mode, emulated-client, tiered, compressed oops, compressed class ptrs, g1 gc, windows-amd64)
GC Precious Log:
 CPUs: 4 total, 4 available
 Memory: 24397M
 Large Page Support: Disabled
 NUMA Support: Disabled
 Compressed Oops: Enabled (Zero based)
 Heap Region Size: 4M
 Heap Min Capacity: 8M
 Heap Initial Capacity: 384M
 Heap Max Capacity: 6100M
 Pre-touch: Disabled
 Parallel Workers: 4
 Concurrent Workers: 1
 Concurrent Refinement Workers: 4
 Periodic GC: Disabled
Heap:
 garbage-first heap   total 81920K, used 23221K [0x0000000682c00000, 0x0000000800000000)
  region size 4096K, 1 young (4096K), 0 survivors (0K)
 Metaspace       used 41958K, committed 42304K, reserved 1089536K
  class space    used 5877K, committed 6016K, reserved 1048576K
GC Heap History (20 events):
Event: 80833.305 GC heap before
{Heap before GC invocations=3365 (full 3341):
 garbage-first heap   total 81920K, used 23221K [0x0000000682c00000, 0x0000000800000000)
  region size 4096K, 1 young (4096K), 0 survivors (0K)
 Metaspace       used 41958K, committed 42304K, reserved 1089536K
  class space    used 5877K, committed 6016K, reserved 1048576K
}
Event: 80833.341 GC heap after
{Heap after GC invocations=3366 (full 3342):
 garbage-first heap   total 81920K, used 23221K [0x0000000682c00000, 0x0000000800000000)
  region size 4096K, 0 young (0K), 0 survivors (0K)
 Metaspace       used 41958K, committed 42304K, reserved 1089536K
  class space    used 5877K, committed 6016K, reserved 1048576K
}
Event: 80843.495 GC heap before
{Heap before GC invocations=3366 (full 3342):
 garbage-first heap   total 81920K, used 23221K [0x0000000682c00000, 0x0000000800000000)
  region size 4096K, 1 young (4096K), 0 survivors (0K)
 Metaspace       used 41958K, committed 42304K, reserved 1089536K
  class space    used 5877K, committed 6016K, reserved 1048576K
}
Event: 80843.528 GC heap after
{Heap after GC invocations=3367 (full 3343):
 garbage-first heap   total 81920K, used 23221K [0x0000000682c00000, 0x0000000800000000)
  region size 4096K, 0 young (0K), 0 survivors (0K)
 Metaspace       used 41958K, committed 42304K, reserved 1089536K
  class space    used 5877K, committed 6016K, reserved 1048576K
}
Event: 80853.736 GC heap before
{Heap before GC invocations=3367 (full 3343):
 garbage-first heap   total 81920K, used 23221K [0x0000000682c00000, 0x0000000800000000)
  region size 4096K, 1 young (4096K), 0 survivors (0K)
 Metaspace       used 41958K, committed 42304K, reserved 1089536K
  class space    used 5877K, committed 6016K, reserved 1048576K
}
Event: 80853.771 GC heap after
{Heap after GC invocations=3368 (full 3344):
 garbage-first heap   total 81920K, used 23221K [0x0000000682c00000, 0x0000000800000000)
  region size 4096K, 0 young (0K), 0 survivors (0K)
 Metaspace       used 41958K, committed 42304K, reserved 1089536K
  class space    used 5877K, committed 6016K, reserved 1048576K
}
Event: 80863.916 GC heap before
{Heap before GC invocations=3368 (full 3344):
 garbage-first heap   total 81920K, used 23221K [0x0000000682c00000, 0x0000000800000000)
  region size 4096K, 1 young (4096K), 0 survivors (0K)
 Metaspace       used 41958K, committed 42304K, reserved 1089536K
  class space    used 5877K, committed 6016K, reserved 1048576K
}
Event: 80863.950 GC heap after
{Heap after GC invocations=3369 (full 3345):
 garbage-first heap   total 81920K, used 23221K [0x0000000682c00000, 0x0000000800000000)
  region size 4096K, 0 young (0K), 0 survivors (0K)
 Metaspace       used 41958K, committed 42304K, reserved 1089536K
  class space    used 5877K, committed 6016K, reserved 1048576K
}
Event: 80874.109 GC heap before
{Heap before GC invocations=3369 (full 3345):
 garbage-first heap   total 81920K, used 23221K [0x0000000682c00000, 0x0000000800000000)
  region size 4096K, 1 young (4096K), 0 survivors (0K)
 Metaspace       used 41958K, committed 42304K, reserved 1089536K
  class space    used 5877K, committed 6016K, reserved 1048576K
}
Event: 80874.143 GC heap after
{Heap after GC invocations=3370 (full 3346):
 garbage-first heap   total 81920K, used 23221K [0x0000000682c00000, 0x0000000800000000)
  region size 4096K, 0 young (0K), 0 survivors (0K)
 Metaspace       used 41958K, committed 42304K, reserved 1089536K
  class space    used 5877K, committed 6016K, reserved 1048576K
}
Event: 80884.410 GC heap before
{Heap before GC invocations=3370 (full 3346):
 garbage-first heap   total 81920K, used 23221K [0x0000000682c00000, 0x0000000800000000)
  region size 4096K, 1 young (4096K), 0 survivors (0K)
 Metaspace       used 41958K, committed 42304K, reserved 1089536K
  class space    used 5877K, committed 6016K, reserved 1048576K
}
Event: 80884.448 GC heap after
{Heap after GC invocations=3371 (full 3347):
 garbage-first heap   total 81920K, used 23221K [0x0000000682c00000, 0x0000000800000000)
  region size 4096K, 0 young (0K), 0 survivors (0K)
 Metaspace       used 41958K, committed 42304K, reserved 1089536K
  class space    used 5877K, committed 6016K, reserved 1048576K
}
Event: 80894.582 GC heap before
{Heap before GC invocations=3371 (full 3347):
 garbage-first heap   total 81920K, used 23221K [0x0000000682c00000, 0x0000000800000000)
  region size 4096K, 1 young (4096K), 0 survivors (0K)
 Metaspace       used 41958K, committed 42304K, reserved 1089536K
  class space    used 5877K, committed 6016K, reserved 1048576K
}
Event: 80894.616 GC heap after
{Heap after GC invocations=3372 (full 3348):
 garbage-first heap   total 81920K, used 23221K [0x0000000682c00000, 0x0000000800000000)
  region size 4096K, 0 young (0K), 0 survivors (0K)
 Metaspace       used 41958K, committed 42304K, reserved 1089536K
  class space    used 5877K, committed 6016K, reserved 1048576K
}
Event: 80904.882 GC heap before
{Heap before GC invocations=3372 (full 3348):
 garbage-first heap   total 81920K, used 23221K [0x0000000682c00000, 0x0000000800000000)
  region size 4096K, 1 young (4096K), 0 survivors (0K)
 Metaspace       used 41958K, committed 42304K, reserved 1089536K
  class space    used 5877K, committed 6016K, reserved 1048576K
}
Event: 80904.917 GC heap after
{Heap after GC invocations=3373 (full 3349):
 garbage-first heap   total 81920K, used 23221K [0x0000000682c00000, 0x0000000800000000)
  region size 4096K, 0 young (0K), 0 survivors (0K)
 Metaspace       used 41958K, committed 42304K, reserved 1089536K
  class space    used 5877K, committed 6016K, reserved 1048576K
}
Event: 80915.074 GC heap before
{Heap before GC invocations=3373 (full 3349):
 garbage-first heap   total 81920K, used 23221K [0x0000000682c00000, 0x0000000800000000)
  region size 4096K, 1 young (4096K), 0 survivors (0K)
 Metaspace       used 41958K, committed 42304K, reserved 1089536K
  class space    used 5877K, committed 6016K, reserved 1048576K
}
Event: 80915.109 GC heap after
{Heap after GC invocations=3374 (full 3350):
 garbage-first heap   total 81920K, used 23221K [0x0000000682c00000, 0x0000000800000000)
  region size 4096K, 0 young (0K), 0 survivors (0K)
 Metaspace       used 41958K, committed 42304K, reserved 1089536K
  class space    used 5877K, committed 6016K, reserved 1048576K
}
Event: 80925.291 GC heap before
{Heap before GC invocations=3374 (full 3350):
 garbage-first heap   total 81920K, used 23221K [0x0000000682c00000, 0x0000000800000000)
  region size 4096K, 1 young (4096K), 0 survivors (0K)
 Metaspace       used 41958K, committed 42304K, reserved 1089536K
  class space    used 5877K, committed 6016K, reserved 1048576K
}
Event: 80925.328 GC heap after
{Heap after GC invocations=3375 (full 3351):
 garbage-first heap   total 81920K, used 23221K [0x0000000682c00000, 0x0000000800000000)
  region size 4096K, 0 young (0K), 0 survivors (0K)
 Metaspace       used 41958K, committed 42304K, reserved 1089536K
  class space    used 5877K, committed 6016K, reserved 1048576K
}

